urbanairship-debug/build/intermediates/manifest_merge_blame_file/debug/manifest-merger-blame-debug-report.txt
1<?xml version="1.0" encoding="utf-8"?>
2<manifest xmlns:android="http://schemas.android.com/apk/res/android"
3    package="com.urbanairship.debug"
4    android:versionCode="1"
5    android:versionName="1.0" >
6
7    <uses-sdk
8        android:minSdkVersion="21"
8-->src\main\AndroidManifest.xml
9        android:targetSdkVersion="29" />
9-->src\main\AndroidManifest.xml
10
11    <application>
11-->src\main\AndroidManifest.xml:6:5-20:19
12        <activity
12-->src\main\AndroidManifest.xml:8:9-18:20
13            android:name="com.urbanairship.debug.DebugActivity"
13-->src\main\AndroidManifest.xml:9:13-64
14            android:label="@string/ua_debug_short_title"
14-->src\main\AndroidManifest.xml:10:13-57
15            android:taskAffinity="com.urbanairship.debug.dollar_openBracket_applicationId_closeBracket"
15-->src\main\AndroidManifest.xml:12:13-75
16            android:theme="@style/AirshipDebug" >
16-->src\main\AndroidManifest.xml:11:13-48
17            <intent-filter android:priority="-100" >
17-->src\main\AndroidManifest.xml:14:13-17:29
17-->src\main\AndroidManifest.xml:14:28-51
18                <action android:name="android.intent.action.MAIN" />
18-->src\main\AndroidManifest.xml:15:17-69
18-->src\main\AndroidManifest.xml:15:25-66
19
20                <category android:name="android.intent.category.LAUNCHER" />
20-->src\main\AndroidManifest.xml:16:17-77
20-->src\main\AndroidManifest.xml:16:27-74
21            </intent-filter>
22        </activity>
23    </application>
24
25</manifest>